<?xml version="1.0" encoding="UTF-8"?>
<!-- Generated by org.testng.reporters.JUnitXMLReporter -->
<testsuite ignored="0" hostname="LAPTOP-P22ELT87" failures="0" tests="15" name="Surefire test" time="86.957" errors="0" timestamp="2026-05-11T17:49:28 IST">
  <testcase classname="com.krce.AlertTest" name="jsAlertTest" time="4.691"/>
  <testcase classname="com.krce.AlertTest" name="jsConfirmCancelTest" time="3.395"/>
  <testcase classname="com.krce.AlertTest" name="jsPromptTest" time="3.348"/>
  <testcase classname="com.krce.AlertTest" name="verifyResultTextChanges" time="3.584"/>
  <testcase classname="com.krce.DropdownTest" name="checkbox1Test" time="3.314"/>
  <testcase classname="com.krce.DropdownTest" name="checkbox2Test" time="3.604"/>
  <testcase classname="com.krce.DropdownTest" name="dropdownTest" time="3.274"/>
  <testcase classname="com.krce.DynamicLoadingTest" name="disappearingElementTest" time="3.534"/>
  <testcase classname="com.krce.DynamicLoadingTest" name="dynamicLoadingTest" time="8.313"/>
  <testcase classname="com.krce.FileUploadTest" name="fileUploadTest" time="4.425"/>
  <testcase classname="com.krce.FileUploadTest" name="unsupportedFileUploadTest" time="5.064"/>
  <testcase classname="com.krce.FileUploadTest" name="uploadPageElementsTest" time="3.001"/>
  <testcase classname="com.krce.LoginTest" name="testLogin" time="4.389"/>
  <testcase classname="com.krce.LoginTest" name="testLogin" time="4.629"/>
  <testcase classname="com.krce.LoginTest" name="testLogin" time="4.483"/>
</testsuite> <!-- Surefire test -->
