<?xml version="1.0" encoding="UTF-8"?>
<testsuite xmlns:xsi="http://www.w3.org/2001/XMLSchema-instance" xsi:noNamespaceSchemaLocation="https://maven.apache.org/surefire/maven-surefire-plugin/xsd/surefire-test-report-3.0.xsd" version="3.0" name="TestSuite" time="87.721" tests="15" errors="0" skipped="0" failures="0">
  <properties>
[...]
</properties>
  <testcase name="jsAlertTest" classname="com.krce.AlertTest" time="4.727">
    <system-err><![CDATA[SLF4J(W): No SLF4J providers were found.
SLF4J(W): Defaulting to no-operation (NOP) logger implementation
SLF4J(W): See https://www.slf4j.org/codes.html#noProviders for further details.
May 11, 2026 5:48:01 PM org.openqa.selenium.manager.SeleniumManager lambda$runCommand$0
WARNING: Exception managing chrome: error sending request for url (https://googlechromelabs.github.io/chrome-for-testing/known-good-versions-with-downloads.json)
]]></system-err>
  </testcase>
  <testcase name="jsConfirmCancelTest" classname="com.krce.AlertTest" time="3.396">
    <system-err><![CDATA[May 11, 2026 5:48:09 PM org.openqa.selenium.manager.SeleniumManager lambda$runCommand$0
WARNING: Exception managing chrome: error sending request for url (https://googlechromelabs.github.io/chrome-for-testing/known-good-versions-with-downloads.json)
]]></system-err>
  </testcase>
  <testcase name="jsPromptTest" classname="com.krce.AlertTest" time="3.348">
    <system-err><![CDATA[May 11, 2026 5:48:14 PM org.openqa.selenium.manager.SeleniumManager lambda$runCommand$0
WARNING: Exception managing chrome: error sending request for url (https://googlechromelabs.github.io/chrome-for-testing/known-good-versions-with-downloads.json)
]]></system-err>
  </testcase>
  <testcase name="verifyResultTextChanges" classname="com.krce.AlertTest" time="3.583">
    <system-err><![CDATA[May 11, 2026 5:48:19 PM org.openqa.selenium.manager.SeleniumManager lambda$runCommand$0
WARNING: Exception managing chrome: error sending request for url (https://googlechromelabs.github.io/chrome-for-testing/known-good-versions-with-downloads.json)
]]></system-err>
  </testcase>
  <testcase name="checkbox1Test" classname="com.krce.DropdownTest" time="3.313">
    <system-err><![CDATA[May 11, 2026 5:48:24 PM org.openqa.selenium.manager.SeleniumManager lambda$runCommand$0
WARNING: Exception managing chrome: error sending request for url (https://googlechromelabs.github.io/chrome-for-testing/known-good-versions-with-downloads.json)
]]></system-err>
  </testcase>
  <testcase name="checkbox2Test" classname="com.krce.DropdownTest" time="3.605">
    <system-err><![CDATA[May 11, 2026 5:48:28 PM org.openqa.selenium.manager.SeleniumManager lambda$runCommand$0
WARNING: Exception managing chrome: error sending request for url (https://googlechromelabs.github.io/chrome-for-testing/known-good-versions-with-downloads.json)
]]></system-err>
  </testcase>
  <testcase name="dropdownTest" classname="com.krce.DropdownTest" time="3.275">
    <system-err><![CDATA[May 11, 2026 5:48:34 PM org.openqa.selenium.manager.SeleniumManager lambda$runCommand$0
WARNING: Exception managing chrome: error sending request for url (https://googlechromelabs.github.io/chrome-for-testing/known-good-versions-with-downloads.json)
]]></system-err>
  </testcase>
  <testcase name="disappearingElementTest" classname="com.krce.DynamicLoadingTest" time="3.534">
    <system-err><![CDATA[May 11, 2026 5:48:38 PM org.openqa.selenium.manager.SeleniumManager lambda$runCommand$0
WARNING: Exception managing chrome: error sending request for url (https://googlechromelabs.github.io/chrome-for-testing/known-good-versions-with-downloads.json)
]]></system-err>
  </testcase>
  <testcase name="dynamicLoadingTest" classname="com.krce.DynamicLoadingTest" time="8.314">
    <system-err><![CDATA[May 11, 2026 5:48:43 PM org.openqa.selenium.manager.SeleniumManager lambda$runCommand$0
WARNING: Exception managing chrome: error sending request for url (https://googlechromelabs.github.io/chrome-for-testing/known-good-versions-with-downloads.json)
]]></system-err>
  </testcase>
  <testcase name="fileUploadTest" classname="com.krce.FileUploadTest" time="4.427">
    <system-err><![CDATA[May 11, 2026 5:48:53 PM org.openqa.selenium.manager.SeleniumManager lambda$runCommand$0
WARNING: Exception managing chrome: error sending request for url (https://googlechromelabs.github.io/chrome-for-testing/known-good-versions-with-downloads.json)
]]></system-err>
  </testcase>
  <testcase name="unsupportedFileUploadTest" classname="com.krce.FileUploadTest" time="5.064">
    <system-err><![CDATA[May 11, 2026 5:48:59 PM org.openqa.selenium.manager.SeleniumManager lambda$runCommand$0
WARNING: Exception managing chrome: error sending request for url (https://googlechromelabs.github.io/chrome-for-testing/known-good-versions-with-downloads.json)
]]></system-err>
  </testcase>
  <testcase name="uploadPageElementsTest" classname="com.krce.FileUploadTest" time="3.002">
    <system-err><![CDATA[May 11, 2026 5:49:05 PM org.openqa.selenium.manager.SeleniumManager lambda$runCommand$0
WARNING: Exception managing chrome: error sending request for url (https://googlechromelabs.github.io/chrome-for-testing/known-good-versions-with-downloads.json)
]]></system-err>
  </testcase>
  <testcase name="testLogin[tomsmith, supersecretpassword, Your password is invalid](1)" classname="com.krce.LoginTest" time="4.39">
    <system-err><![CDATA[May 11, 2026 5:49:10 PM org.openqa.selenium.manager.SeleniumManager lambda$runCommand$0
WARNING: Exception managing chrome: error sending request for url (https://googlechromelabs.github.io/chrome-for-testing/known-good-versions-with-downloads.json)
]]></system-err>
  </testcase>
  <testcase name="testLogin[tomsmith1, SuperSecretPassword!, Your username is invalid](2)" classname="com.krce.LoginTest" time="4.628">
    <system-err><![CDATA[May 11, 2026 5:49:16 PM org.openqa.selenium.manager.SeleniumManager lambda$runCommand$0
WARNING: Exception managing chrome: error sending request for url (https://googlechromelabs.github.io/chrome-for-testing/known-good-versions-with-downloads.json)
]]></system-err>
  </testcase>
  <testcase name="testLogin[tomsmith, SuperSecretPassword!, You logged into a secure area!](3)" classname="com.krce.LoginTest" time="4.48">
    <system-err><![CDATA[May 11, 2026 5:49:22 PM org.openqa.selenium.manager.SeleniumManager lambda$runCommand$0
WARNING: Exception managing chrome: error sending request for url (https://googlechromelabs.github.io/chrome-for-testing/known-good-versions-with-downloads.json)
]]></system-err>
  </testcase>
</testsuite>