<?xml version="1.0" encoding="UTF-8"?>
<!-- Generated by org.testng.reporters.JUnitReportReporter -->
<testsuite hostname="LAPTOP-P22ELT87" failures="0" tests="3" name="com.krce.LoginTest" time="17.861" errors="0" timestamp="2026-05-11T17:49:28 IST" skipped="0">
  <testcase classname="com.krce.LoginTest" name="testLogin" time="5.814"/>
  <testcase classname="com.krce.LoginTest" name="testLogin" time="6.126"/>
  <testcase classname="com.krce.LoginTest" name="testLogin" time="5.921"/>
</testsuite> <!-- com.krce.LoginTest -->
