<?xml version="1.0" encoding="UTF-8"?>
<!-- Generated by org.testng.reporters.JUnitReportReporter -->
<testsuite hostname="LAPTOP-P22ELT87" failures="0" tests="3" name="com.krce.FileUploadTest" time="16.813" errors="0" timestamp="2026-05-11T17:49:28 IST" skipped="0">
  <testcase classname="com.krce.FileUploadTest" name="uploadPageElementsTest" time="4.405"/>
  <testcase classname="com.krce.FileUploadTest" name="fileUploadTest" time="5.889"/>
  <testcase classname="com.krce.FileUploadTest" name="unsupportedFileUploadTest" time="6.519"/>
</testsuite> <!-- com.krce.FileUploadTest -->
