<?xml version="1.0" encoding="UTF-8"?>
<!-- Generated by org.testng.reporters.JUnitReportReporter -->
<testsuite hostname="LAPTOP-P22ELT87" failures="0" tests="2" name="com.krce.DynamicLoadingTest" time="14.786" errors="0" timestamp="2026-05-11T17:49:28 IST" skipped="0">
  <testcase classname="com.krce.DynamicLoadingTest" name="disappearingElementTest" time="5.008"/>
  <testcase classname="com.krce.DynamicLoadingTest" name="dynamicLoadingTest" time="9.778"/>
</testsuite> <!-- com.krce.DynamicLoadingTest -->
