<?xml version="1.0" encoding="UTF-8"?>
<!-- Generated by org.testng.reporters.JUnitReportReporter -->
<testsuite hostname="LAPTOP-P22ELT87" failures="0" tests="4" name="com.krce.AlertTest" time="22.737" errors="0" timestamp="2026-05-11T17:49:28 IST" skipped="0">
  <testcase classname="com.krce.AlertTest" name="jsConfirmCancelTest" time="4.811"/>
  <testcase classname="com.krce.AlertTest" name="jsAlertTest" time="6.008"/>
  <testcase classname="com.krce.AlertTest" name="jsPromptTest" time="4.884"/>
  <testcase classname="com.krce.AlertTest" name="verifyResultTextChanges" time="7.034"/>
</testsuite> <!-- com.krce.AlertTest -->
