<?xml version="1.0" encoding="UTF-8"?>
<!-- Generated by org.testng.reporters.JUnitReportReporter -->
<testsuite hostname="LAPTOP-P22ELT87" failures="0" tests="3" name="com.krce.DropdownTest" time="14.630" errors="0" timestamp="2026-05-11T17:49:28 IST" skipped="0">
  <testcase classname="com.krce.DropdownTest" name="checkbox1Test" time="4.790"/>
  <testcase classname="com.krce.DropdownTest" name="checkbox2Test" time="5.048"/>
  <testcase classname="com.krce.DropdownTest" name="dropdownTest" time="4.792"/>
</testsuite> <!-- com.krce.DropdownTest -->
